<?xml version="1.0" encoding="UTF-8"?>
<testsuite xmlns:xsi="http://www.w3.org/2001/XMLSchema-instance" xsi:noNamespaceSchemaLocation="https://maven.apache.org/surefire/maven-surefire-plugin/xsd/surefire-test-report-3.0.xsd" version="3.0" name="com.example.ecommerce.ecommerce.ECommerceApplicationTests" time="2.499" tests="1" errors="0" skipped="0" failures="0">
  <properties>
[...]
</properties>
  <testcase name="contextLoads" classname="com.example.ecommerce.ecommerce.ECommerceApplicationTests" time="0.459">
    <system-out><![CDATA[11:24:09.895 [main] INFO org.springframework.test.context.support.AnnotationConfigContextLoaderUtils -- Could not detect default configuration classes for test class [com.example.ecommerce.ecommerce.ECommerceApplicationTests]: ECommerceApplicationTests does not declare any static, non-private, non-final, nested classes annotated with @Configuration.
11:24:09.952 [main] INFO org.springframework.boot.test.context.SpringBootTestContextBootstrapper -- Found @SpringBootConfiguration com.example.ecommerce.ecommerce.ECommerceApplication for test class com.example.ecommerce.ecommerce.ECommerceApplicationTests
11:24:10.048 [main] INFO org.springframework.boot.devtools.restart.RestartApplicationListener -- Restart disabled due to context in which it is running

  .   ____          _            __ _ _
 /\\ / ___'_ __ _ _(_)_ __  __ _ \ \ \ \
( ( )\___ | '_ | '_| | '_ \/ _` | \ \ \ \
 \\/  ___)| |_)| | | | | || (_| |  ) ) ) )
  '  |____| .__|_| |_|_| |_\__, | / / / /
 =========|_|==============|___/=/_/_/_/
 :: Spring Boot ::                (v3.2.1)

2024-01-02T11:24:10.176+05:30  INFO 30577 --- [           main] m.p.springdotenv.DotenvPropertySource    : Initializing Dotenv with DotenvConfig{directory=null, filename=null, ignoreIfMalformed=false, ignoreIfMissing=true, systemProperties=false, prefix=null}
2024-01-02T11:24:10.190+05:30  INFO 30577 --- [           main] c.e.e.e.ECommerceApplicationTests        : Starting ECommerceApplicationTests using Java 21 with PID 30577 (started by pragneshkoli in /Users/pragneshkoli/Desktop/E-commerce)
2024-01-02T11:24:10.191+05:30  INFO 30577 --- [           main] c.e.e.e.ECommerceApplicationTests        : No active profile set, falling back to 1 default profile: "default"
2024-01-02T11:24:10.590+05:30  INFO 30577 --- [           main] .s.d.r.c.RepositoryConfigurationDelegate : Bootstrapping Spring Data MongoDB repositories in DEFAULT mode.
2024-01-02T11:24:10.612+05:30  INFO 30577 --- [           main] .s.d.r.c.RepositoryConfigurationDelegate : Finished Spring Data repository scanning in 20 ms. Found 2 MongoDB repository interfaces.
2024-01-02T11:24:10.857+05:30  INFO 30577 --- [           main] org.mongodb.driver.client                : MongoClient with metadata {"driver": {"name": "mongo-java-driver|sync|spring-boot", "version": "4.11.1"}, "os": {"type": "Darwin", "name": "Mac OS X", "architecture": "aarch64", "version": "14.0"}, "platform": "Java/Oracle Corporation/21+35-LTS-2513"} created with settings MongoClientSettings{readPreference=primary, writeConcern=WriteConcern{w=null, wTimeout=null ms, journal=null}, retryWrites=true, retryReads=true, readConcern=ReadConcern{level=null}, credential=MongoCredential{mechanism=null, userName='pragneshkoli', source='admin', password=<hidden>, mechanismProperties=<hidden>}, transportSettings=null, streamFactoryFactory=null, commandListeners=[], codecRegistry=ProvidersCodecRegistry{codecProviders=[ValueCodecProvider{}, BsonValueCodecProvider{}, DBRefCodecProvider{}, DBObjectCodecProvider{}, DocumentCodecProvider{}, CollectionCodecProvider{}, IterableCodecProvider{}, MapCodecProvider{}, GeoJsonCodecProvider{}, GridFSFileCodecProvider{}, Jsr310CodecProvider{}, JsonObjectCodecProvider{}, BsonCodecProvider{}, EnumCodecProvider{}, com.mongodb.client.model.mql.ExpressionCodecProvider@b3e86d5, com.mongodb.Jep395RecordCodecProvider@72b43104, com.mongodb.KotlinCodecProvider@e111c7c]}, loggerSettings=LoggerSettings{maxDocumentLength=1000}, clusterSettings={hosts=[127.0.0.1:27017], srvHost=akatsuki.kt54cgl.mongodb.net, srvServiceName=mongodb, mode=MULTIPLE, requiredClusterType=REPLICA_SET, requiredReplicaSetName='atlas-z2kone-shard-0', serverSelector='null', clusterListeners='[]', serverSelectionTimeout='30000 ms', localThreshold='15 ms'}, socketSettings=SocketSettings{connectTimeoutMS=10000, readTimeoutMS=0, receiveBufferSize=0, proxySettings=ProxySettings{host=null, port=null, username=null, password=null}}, heartbeatSocketSettings=SocketSettings{connectTimeoutMS=10000, readTimeoutMS=10000, receiveBufferSize=0, proxySettings=ProxySettings{host=null, port=null, username=null, password=null}}, connectionPoolSettings=ConnectionPoolSettings{maxSize=100, minSize=0, maxWaitTimeMS=120000, maxConnectionLifeTimeMS=0, maxConnectionIdleTimeMS=0, maintenanceInitialDelayMS=0, maintenanceFrequencyMS=60000, connectionPoolListeners=[], maxConnecting=2}, serverSettings=ServerSettings{heartbeatFrequencyMS=10000, minHeartbeatFrequencyMS=500, serverListeners='[]', serverMonitorListeners='[]'}, sslSettings=SslSettings{enabled=true, invalidHostNameAllowed=false, context=null}, applicationName='null', compressorList=[], uuidRepresentation=JAVA_LEGACY, serverApi=null, autoEncryptionSettings=null, dnsClient=null, inetAddressResolver=null, contextProvider=null}
2024-01-02T11:24:10.879+05:30  INFO 30577 --- [cgl.mongodb.net] org.mongodb.driver.cluster               : Adding discovered server ac-tfoecde-shard-00-02.kt54cgl.mongodb.net:27017 to client view of cluster
2024-01-02T11:24:10.891+05:30  INFO 30577 --- [cgl.mongodb.net] org.mongodb.driver.cluster               : Adding discovered server ac-tfoecde-shard-00-01.kt54cgl.mongodb.net:27017 to client view of cluster
2024-01-02T11:24:10.893+05:30  INFO 30577 --- [cgl.mongodb.net] org.mongodb.driver.cluster               : Adding discovered server ac-tfoecde-shard-00-00.kt54cgl.mongodb.net:27017 to client view of cluster
2024-01-02T11:24:11.050+05:30  INFO 30577 --- [           main] org.mongodb.driver.cluster               : No server chosen by ReadPreferenceServerSelector{readPreference=primary} from cluster description ClusterDescription{type=REPLICA_SET, connectionMode=MULTIPLE, serverDescriptions=[ServerDescription{address=ac-tfoecde-shard-00-00.kt54cgl.mongodb.net:27017, type=UNKNOWN, state=CONNECTING}, ServerDescription{address=ac-tfoecde-shard-00-01.kt54cgl.mongodb.net:27017, type=UNKNOWN, state=CONNECTING}, ServerDescription{address=ac-tfoecde-shard-00-02.kt54cgl.mongodb.net:27017, type=UNKNOWN, state=CONNECTING}]}. Waiting for 30000 ms before timing out
2024-01-02T11:24:11.412+05:30  INFO 30577 --- [ngodb.net:27017] org.mongodb.driver.cluster               : Monitor thread successfully connected to server with description ServerDescription{address=ac-tfoecde-shard-00-02.kt54cgl.mongodb.net:27017, type=REPLICA_SET_SECONDARY, state=CONNECTED, ok=true, minWireVersion=0, maxWireVersion=17, maxDocumentSize=16777216, logicalSessionTimeoutMinutes=30, roundTripTimeNanos=260635833, setName='atlas-z2kone-shard-0', canonicalAddress=ac-tfoecde-shard-00-02.kt54cgl.mongodb.net:27017, hosts=[ac-tfoecde-shard-00-02.kt54cgl.mongodb.net:27017, ac-tfoecde-shard-00-00.kt54cgl.mongodb.net:27017, ac-tfoecde-shard-00-01.kt54cgl.mongodb.net:27017], passives=[], arbiters=[], primary='ac-tfoecde-shard-00-01.kt54cgl.mongodb.net:27017', tagSet=TagSet{[Tag{name='availabilityZone', value='aps1-az2'}, Tag{name='nodeType', value='ELECTABLE'}, Tag{name='provider', value='AWS'}, Tag{name='region', value='AP_SOUTH_1'}, Tag{name='workloadType', value='OPERATIONAL'}]}, electionId=null, setVersion=1, topologyVersion=TopologyVersion{processId=659182c9e04c9d15e05156c0, counter=3}, lastWriteDate=Tue Jan 02 11:24:11 IST 2024, lastUpdateTimeNanos=1877340326924250}
2024-01-02T11:24:11.412+05:30  INFO 30577 --- [ngodb.net:27017] org.mongodb.driver.cluster               : Monitor thread successfully connected to server with description ServerDescription{address=ac-tfoecde-shard-00-01.kt54cgl.mongodb.net:27017, type=REPLICA_SET_PRIMARY, state=CONNECTED, ok=true, minWireVersion=0, maxWireVersion=17, maxDocumentSize=16777216, logicalSessionTimeoutMinutes=30, roundTripTimeNanos=218284042, setName='atlas-z2kone-shard-0', canonicalAddress=ac-tfoecde-shard-00-01.kt54cgl.mongodb.net:27017, hosts=[ac-tfoecde-shard-00-02.kt54cgl.mongodb.net:27017, ac-tfoecde-shard-00-00.kt54cgl.mongodb.net:27017, ac-tfoecde-shard-00-01.kt54cgl.mongodb.net:27017], passives=[], arbiters=[], primary='ac-tfoecde-shard-00-01.kt54cgl.mongodb.net:27017', tagSet=TagSet{[Tag{name='availabilityZone', value='aps1-az3'}, Tag{name='nodeType', value='ELECTABLE'}, Tag{name='provider', value='AWS'}, Tag{name='region', value='AP_SOUTH_1'}, Tag{name='workloadType', value='OPERATIONAL'}]}, electionId=7fffffff000000000000000b, setVersion=1, topologyVersion=TopologyVersion{processId=659181130a0eb088364f22ee, counter=6}, lastWriteDate=Tue Jan 02 11:24:11 IST 2024, lastUpdateTimeNanos=1877340326736541}
2024-01-02T11:24:11.412+05:30  INFO 30577 --- [ngodb.net:27017] org.mongodb.driver.cluster               : Monitor thread successfully connected to server with description ServerDescription{address=ac-tfoecde-shard-00-00.kt54cgl.mongodb.net:27017, type=REPLICA_SET_SECONDARY, state=CONNECTED, ok=true, minWireVersion=0, maxWireVersion=17, maxDocumentSize=16777216, logicalSessionTimeoutMinutes=30, roundTripTimeNanos=260659833, setName='atlas-z2kone-shard-0', canonicalAddress=ac-tfoecde-shard-00-00.kt54cgl.mongodb.net:27017, hosts=[ac-tfoecde-shard-00-02.kt54cgl.mongodb.net:27017, ac-tfoecde-shard-00-00.kt54cgl.mongodb.net:27017, ac-tfoecde-shard-00-01.kt54cgl.mongodb.net:27017], passives=[], arbiters=[], primary='ac-tfoecde-shard-00-01.kt54cgl.mongodb.net:27017', tagSet=TagSet{[Tag{name='availabilityZone', value='aps1-az1'}, Tag{name='nodeType', value='ELECTABLE'}, Tag{name='provider', value='AWS'}, Tag{name='region', value='AP_SOUTH_1'}, Tag{name='workloadType', value='OPERATIONAL'}]}, electionId=null, setVersion=1, topologyVersion=TopologyVersion{processId=65917f364b8b3f3026c5bf2a, counter=4}, lastWriteDate=Tue Jan 02 11:24:11 IST 2024, lastUpdateTimeNanos=1877340326937416}
2024-01-02T11:24:11.413+05:30  INFO 30577 --- [ngodb.net:27017] org.mongodb.driver.cluster               : Discovered replica set primary ac-tfoecde-shard-00-01.kt54cgl.mongodb.net:27017 with max election id 7fffffff000000000000000b and max set version 1
2024-01-02T11:24:11.834+05:30  INFO 30577 --- [           main] c.e.e.e.ECommerceApplicationTests        : Started ECommerceApplicationTests in 1.796 seconds (process running for 2.28)
]]></system-out>
    <system-err><![CDATA[WARNING: A Java agent has been loaded dynamically (/Users/pragneshkoli/.m2/repository/net/bytebuddy/byte-buddy-agent/1.14.10/byte-buddy-agent-1.14.10.jar)
WARNING: If a serviceability tool is in use, please run with -XX:+EnableDynamicAgentLoading to hide this warning
WARNING: If a serviceability tool is not in use, please run with -Djdk.instrument.traceUsage for more information
WARNING: Dynamic loading of agents will be disallowed by default in a future release
]]></system-err>
  </testcase>
</testsuite>